\BOOKMARK [0][-]{chapter.1}{\376\377\176\352\213\272\000\040\000t\000o\000.\0006\0008\000e\000m\000.}{}% 1
\BOOKMARK [1][-]{section.1.1}{\376\377\137\025\212\000}{chapter.1}% 2
\BOOKMARK [0][-]{chapter.2}{\376\377\166\370\121\163\135\345\117\134\000\040\000t\000o\000.\0006\0008\000e\000m\000.}{}% 3
\BOOKMARK [1][-]{section.2.1}{\376\377\220\006\124\021\217\320\122\250\133\146\211\343\121\263\145\271\150\110}{chapter.2}% 4
\BOOKMARK [1][-]{section.2.2}{\376\377\116\272\135\345\171\136\176\317\177\121\176\334\116\016\155\361\136\246\133\146\116\140}{chapter.2}% 5
\BOOKMARK [0][-]{chapter.3}{\376\377\145\271\154\325\000\040\000t\000o\000.\0006\0008\000e\000m\000.}{}% 6
\BOOKMARK [1][-]{section.3.1}{\376\377\171\273\176\277\177\121\176\334\133\146\116\140}{chapter.3}% 7
\BOOKMARK [2][-]{subsection.3.1.1}{\376\377\145\160\143\156\226\306\124\214\230\204\131\004\164\006}{section.3.1}% 8
\BOOKMARK [2][-]{subsection.3.1.2}{\376\377\000I\000K\211\343\173\227\126\150\121\163\225\056\176\304\116\366}{section.3.1}% 9
\BOOKMARK [2][-]{subsection.3.1.3}{\376\377\123\273\126\152\156\344\154\342\126\150}{section.3.1}% 10
\BOOKMARK [1][-]{section.3.2}{\376\377\131\377\122\277\124\010\142\020\124\214\131\377\122\277\117\060\213\241}{chapter.3}% 11
\BOOKMARK [2][-]{subsection.3.2.1}{\376\377\131\377\122\277\124\010\142\020}{section.3.2}% 12
\BOOKMARK [2][-]{subsection.3.2.2}{\376\377\131\377\140\001\117\060\213\241}{section.3.2}% 13
\BOOKMARK [0][-]{chapter.4}{\376\377\133\236\232\214\176\323\147\234\124\214\213\250\213\272\000\040\000t\000o\000.\0006\0008\000e\000m\000.}{}% 14
\BOOKMARK [1][-]{section.4.1}{\376\377\133\236\232\214\176\306\202\202}{chapter.4}% 15
\BOOKMARK [1][-]{section.4.2}{\376\377\133\236\232\214\176\323\147\234}{chapter.4}% 16
\BOOKMARK [2][-]{subsection.4.2.1}{\376\377\213\255\176\303\226\306\124\214\155\113\213\325\226\306\176\323\147\234}{section.4.2}% 17
\BOOKMARK [2][-]{subsection.4.2.2}{\376\377\123\273\126\152\156\344\154\342\126\150\176\323\147\234}{section.4.2}% 18
\BOOKMARK [2][-]{subsection.4.2.3}{\376\377\131\377\140\001\117\060\213\241\176\323\147\234}{section.4.2}% 19
\BOOKMARK [1][-]{section.4.3}{\376\377\213\250\213\272}{chapter.4}% 20
\BOOKMARK [2][-]{subsection.4.3.1}{\376\377\116\015\124\014\177\121\176\334\176\323\147\204\166\204\153\324\217\203}{section.4.3}% 21
\BOOKMARK [2][-]{subsection.4.3.2}{\376\377\116\015\124\014\136\047\145\160\217\223\121\145\166\204\153\324\217\203}{section.4.3}% 22
\BOOKMARK [2][-]{subsection.4.3.3}{\376\377\135\346\201\302\124\214\123\363\201\302\166\204\153\324\217\203}{section.4.3}% 23
\BOOKMARK [2][-]{subsection.4.3.4}{\376\377\142\113\201\302\124\214\201\177\166\204\153\324\217\203}{section.4.3}% 24
\BOOKMARK [2][-]{subsection.4.3.5}{\376\377\221\315\133\232\117\115\122\250\117\134\201\363\116\015\124\014\200\242\117\123\225\177\136\246\211\322\202\162}{section.4.3}% 25
\BOOKMARK [1][-]{section.4.4}{\376\377\136\224\165\050}{chapter.4}% 26
\BOOKMARK [2][-]{subsection.4.4.1}{\376\377\121\163\225\056\136\047\217\150\217\371}{section.4.4}% 27
\BOOKMARK [2][-]{subsection.4.4.2}{\376\377\133\236\145\366\122\250\117\134\123\213\177\051}{section.4.4}% 28
\BOOKMARK [2][-]{subsection.4.4.3}{\376\377\230\221\176\101\116\244\116\222\163\257\130\203\116\055\166\204\217\320\122\250\124\010\142\020}{section.4.4}% 29
\BOOKMARK [0][-]{chapter.5}{\376\377\140\073\176\323\000\040\000t\000o\000.\0006\0008\000e\000m\000.}{}% 30
\BOOKMARK [0][-]{chapter.5}{\376\377\123\302\200\003\145\207\163\056\000\040\000t\000o\000.\0006\0008\000e\000m\000.}{}% 31
